[2021-10-06 07:26:04] production.ERROR: include(R:\Xampp\htdocs\SehaTI Sehat Untuk Indonesia\pendaftaran-vaksin\vendor\composer/../asm89/stack-cors/src/CorsService.php): failed to open stream: No such file or directory {"exception":"[object] (ErrorException(code: 0): include(R:\\Xampp\\htdocs\\SehaTI Sehat Untuk Indonesia\\pendaftaran-vaksin\\vendor\\composer/../asm89/stack-cors/src/CorsService.php): failed to open stream: No such file or directory at R:\\Xampp\\htdocs\\SehaTI Sehat Untuk Indonesia\\pendaftaran-vaksin\\vendor\\composer\\ClassLoader.php:571)
[stacktrace]
#0 R:\\Xampp\\htdocs\\SehaTI Sehat Untuk Indonesia\\pendaftaran-vaksin\\vendor\\composer\\ClassLoader.php(571): Illuminate\\Foundation\\Bootstrap\\HandleExceptions->handleError(2, 'include(R:\\\\Xamp...', 'R:\\\\Xampp\\\\htdocs...', 571, Array)
#1 R:\\Xampp\\htdocs\\SehaTI Sehat Untuk Indonesia\\pendaftaran-vaksin\\vendor\\composer\\ClassLoader.php(571): include()
#2 R:\\Xampp\\htdocs\\SehaTI Sehat Untuk Indonesia\\pendaftaran-vaksin\\vendor\\composer\\ClassLoader.php(428): Composer\\Autoload\\includeFile('R:\\\\Xampp\\\\htdocs...')
#3 [internal function]: Composer\\Autoload\\ClassLoader->loadClass('Asm89\\\\Stack\\\\Cor...')
#4 R:\\Xampp\\htdocs\\SehaTI Sehat Untuk Indonesia\\pendaftaran-vaksin\\vendor\\fruitcake\\laravel-cors\\src\\CorsServiceProvider.php(23): spl_autoload_call('Asm89\\\\Stack\\\\Cor...')
#5 R:\\Xampp\\htdocs\\SehaTI Sehat Untuk Indonesia\\pendaftaran-vaksin\\vendor\\laravel\\framework\\src\\Illuminate\\Container\\Container.php(873): Fruitcake\\Cors\\CorsServiceProvider->Fruitcake\\Cors\\{closure}(Object(Illuminate\\Foundation\\Application), Array)
#6 R:\\Xampp\\htdocs\\SehaTI Sehat Untuk Indonesia\\pendaftaran-vaksin\\vendor\\laravel\\framework\\src\\Illuminate\\Container\\Container.php(758): Illuminate\\Container\\Container->build(Object(Closure))
#7 R:\\Xampp\\htdocs\\SehaTI Sehat Untuk Indonesia\\pendaftaran-vaksin\\vendor\\laravel\\framework\\src\\Illuminate\\Foundation\\Application.php(841): Illuminate\\Container\\Container->resolve('Asm89\\\\Stack\\\\Cor...', Array, true)
#8 R:\\Xampp\\htdocs\\SehaTI Sehat Untuk Indonesia\\pendaftaran-vaksin\\vendor\\laravel\\framework\\src\\Illuminate\\Container\\Container.php(694): Illuminate\\Foundation\\Application->resolve('Asm89\\\\Stack\\\\Cor...', Array)
#9 R:\\Xampp\\htdocs\\SehaTI Sehat Untuk Indonesia\\pendaftaran-vaksin\\vendor\\laravel\\framework\\src\\Illuminate\\Foundation\\Application.php(826): Illuminate\\Container\\Container->make('Asm89\\\\Stack\\\\Cor...', Array)
#10 R:\\Xampp\\htdocs\\SehaTI Sehat Untuk Indonesia\\pendaftaran-vaksin\\vendor\\laravel\\framework\\src\\Illuminate\\Container\\Container.php(1031): Illuminate\\Foundation\\Application->make('Asm89\\\\Stack\\\\Cor...')
#11 R:\\Xampp\\htdocs\\SehaTI Sehat Untuk Indonesia\\pendaftaran-vaksin\\vendor\\laravel\\framework\\src\\Illuminate\\Container\\Container.php(951): Illuminate\\Container\\Container->resolveClass(Object(ReflectionParameter))
#12 R:\\Xampp\\htdocs\\SehaTI Sehat Untuk Indonesia\\pendaftaran-vaksin\\vendor\\laravel\\framework\\src\\Illuminate\\Container\\Container.php(912): Illuminate\\Container\\Container->resolveDependencies(Array)
#13 R:\\Xampp\\htdocs\\SehaTI Sehat Untuk Indonesia\\pendaftaran-vaksin\\vendor\\laravel\\framework\\src\\Illuminate\\Container\\Container.php(758): Illuminate\\Container\\Container->build('Fruitcake\\\\Cors\\\\...')
#14 R:\\Xampp\\htdocs\\SehaTI Sehat Untuk Indonesia\\pendaftaran-vaksin\\vendor\\laravel\\framework\\src\\Illuminate\\Foundation\\Application.php(841): Illuminate\\Container\\Container->resolve('Fruitcake\\\\Cors\\\\...', Array, true)
#15 R:\\Xampp\\htdocs\\SehaTI Sehat Untuk Indonesia\\pendaftaran-vaksin\\vendor\\laravel\\framework\\src\\Illuminate\\Container\\Container.php(694): Illuminate\\Foundation\\Application->resolve('Fruitcake\\\\Cors\\\\...', Array)
#16 R:\\Xampp\\htdocs\\SehaTI Sehat Untuk Indonesia\\pendaftaran-vaksin\\vendor\\laravel\\framework\\src\\Illuminate\\Foundation\\Application.php(826): Illuminate\\Container\\Container->make('Fruitcake\\\\Cors\\\\...', Array)
#17 R:\\Xampp\\htdocs\\SehaTI Sehat Untuk Indonesia\\pendaftaran-vaksin\\vendor\\laravel\\framework\\src\\Illuminate\\Pipeline\\Pipeline.php(156): Illuminate\\Foundation\\Application->make('Fruitcake\\\\Cors\\\\...')
#18 R:\\Xampp\\htdocs\\SehaTI Sehat Untuk Indonesia\\pendaftaran-vaksin\\vendor\\laravel\\framework\\src\\Illuminate\\Http\\Middleware\\TrustProxies.php(39): Illuminate\\Pipeline\\Pipeline->Illuminate\\Pipeline\\{closure}(Object(Illuminate\\Http\\Request))
#19 R:\\Xampp\\htdocs\\SehaTI Sehat Untuk Indonesia\\pendaftaran-vaksin\\vendor\\laravel\\framework\\src\\Illuminate\\Pipeline\\Pipeline.php(167): Illuminate\\Http\\Middleware\\TrustProxies->handle(Object(Illuminate\\Http\\Request), Object(Closure))
#20 R:\\Xampp\\htdocs\\SehaTI Sehat Untuk Indonesia\\pendaftaran-vaksin\\vendor\\laravel\\framework\\src\\Illuminate\\Pipeline\\Pipeline.php(103): Illuminate\\Pipeline\\Pipeline->Illuminate\\Pipeline\\{closure}(Object(Illuminate\\Http\\Request))
#21 R:\\Xampp\\htdocs\\SehaTI Sehat Untuk Indonesia\\pendaftaran-vaksin\\vendor\\laravel\\framework\\src\\Illuminate\\Foundation\\Http\\Kernel.php(141): Illuminate\\Pipeline\\Pipeline->then(Object(Closure))
#22 R:\\Xampp\\htdocs\\SehaTI Sehat Untuk Indonesia\\pendaftaran-vaksin\\vendor\\laravel\\framework\\src\\Illuminate\\Foundation\\Http\\Kernel.php(110): Illuminate\\Foundation\\Http\\Kernel->sendRequestThroughRouter(Object(Illuminate\\Http\\Request))
#23 R:\\Xampp\\htdocs\\SehaTI Sehat Untuk Indonesia\\pendaftaran-vaksin\\public\\index.php(52): Illuminate\\Foundation\\Http\\Kernel->handle(Object(Illuminate\\Http\\Request))
#24 R:\\Xampp\\htdocs\\SehaTI Sehat Untuk Indonesia\\pendaftaran-vaksin\\server.php(21): require_once('R:\\\\Xampp\\\\htdocs...')
#25 {main}
"} 
[2021-10-06 07:26:05] production.ERROR: include(R:\Xampp\htdocs\SehaTI Sehat Untuk Indonesia\pendaftaran-vaksin\vendor\composer/../asm89/stack-cors/src/CorsService.php): failed to open stream: No such file or directory {"exception":"[object] (ErrorException(code: 0): include(R:\\Xampp\\htdocs\\SehaTI Sehat Untuk Indonesia\\pendaftaran-vaksin\\vendor\\composer/../asm89/stack-cors/src/CorsService.php): failed to open stream: No such file or directory at R:\\Xampp\\htdocs\\SehaTI Sehat Untuk Indonesia\\pendaftaran-vaksin\\vendor\\composer\\ClassLoader.php:571)
[stacktrace]
#0 R:\\Xampp\\htdocs\\SehaTI Sehat Untuk Indonesia\\pendaftaran-vaksin\\vendor\\composer\\ClassLoader.php(571): Illuminate\\Foundation\\Bootstrap\\HandleExceptions->handleError(2, 'include(R:\\\\Xamp...', 'R:\\\\Xampp\\\\htdocs...', 571, Array)
#1 R:\\Xampp\\htdocs\\SehaTI Sehat Untuk Indonesia\\pendaftaran-vaksin\\vendor\\composer\\ClassLoader.php(571): include()
#2 R:\\Xampp\\htdocs\\SehaTI Sehat Untuk Indonesia\\pendaftaran-vaksin\\vendor\\composer\\ClassLoader.php(428): Composer\\Autoload\\includeFile('R:\\\\Xampp\\\\htdocs...')
#3 [internal function]: Composer\\Autoload\\ClassLoader->loadClass('Asm89\\\\Stack\\\\Cor...')
#4 R:\\Xampp\\htdocs\\SehaTI Sehat Untuk Indonesia\\pendaftaran-vaksin\\vendor\\fruitcake\\laravel-cors\\src\\CorsServiceProvider.php(23): spl_autoload_call('Asm89\\\\Stack\\\\Cor...')
#5 R:\\Xampp\\htdocs\\SehaTI Sehat Untuk Indonesia\\pendaftaran-vaksin\\vendor\\laravel\\framework\\src\\Illuminate\\Container\\Container.php(873): Fruitcake\\Cors\\CorsServiceProvider->Fruitcake\\Cors\\{closure}(Object(Illuminate\\Foundation\\Application), Array)
#6 R:\\Xampp\\htdocs\\SehaTI Sehat Untuk Indonesia\\pendaftaran-vaksin\\vendor\\laravel\\framework\\src\\Illuminate\\Container\\Container.php(758): Illuminate\\Container\\Container->build(Object(Closure))
#7 R:\\Xampp\\htdocs\\SehaTI Sehat Untuk Indonesia\\pendaftaran-vaksin\\vendor\\laravel\\framework\\src\\Illuminate\\Foundation\\Application.php(841): Illuminate\\Container\\Container->resolve('Asm89\\\\Stack\\\\Cor...', Array, true)
#8 R:\\Xampp\\htdocs\\SehaTI Sehat Untuk Indonesia\\pendaftaran-vaksin\\vendor\\laravel\\framework\\src\\Illuminate\\Container\\Container.php(694): Illuminate\\Foundation\\Application->resolve('Asm89\\\\Stack\\\\Cor...', Array)
#9 R:\\Xampp\\htdocs\\SehaTI Sehat Untuk Indonesia\\pendaftaran-vaksin\\vendor\\laravel\\framework\\src\\Illuminate\\Foundation\\Application.php(826): Illuminate\\Container\\Container->make('Asm89\\\\Stack\\\\Cor...', Array)
#10 R:\\Xampp\\htdocs\\SehaTI Sehat Untuk Indonesia\\pendaftaran-vaksin\\vendor\\laravel\\framework\\src\\Illuminate\\Container\\Container.php(1031): Illuminate\\Foundation\\Application->make('Asm89\\\\Stack\\\\Cor...')
#11 R:\\Xampp\\htdocs\\SehaTI Sehat Untuk Indonesia\\pendaftaran-vaksin\\vendor\\laravel\\framework\\src\\Illuminate\\Container\\Container.php(951): Illuminate\\Container\\Container->resolveClass(Object(ReflectionParameter))
#12 R:\\Xampp\\htdocs\\SehaTI Sehat Untuk Indonesia\\pendaftaran-vaksin\\vendor\\laravel\\framework\\src\\Illuminate\\Container\\Container.php(912): Illuminate\\Container\\Container->resolveDependencies(Array)
#13 R:\\Xampp\\htdocs\\SehaTI Sehat Untuk Indonesia\\pendaftaran-vaksin\\vendor\\laravel\\framework\\src\\Illuminate\\Container\\Container.php(758): Illuminate\\Container\\Container->build('Fruitcake\\\\Cors\\\\...')
#14 R:\\Xampp\\htdocs\\SehaTI Sehat Untuk Indonesia\\pendaftaran-vaksin\\vendor\\laravel\\framework\\src\\Illuminate\\Foundation\\Application.php(841): Illuminate\\Container\\Container->resolve('Fruitcake\\\\Cors\\\\...', Array, true)
#15 R:\\Xampp\\htdocs\\SehaTI Sehat Untuk Indonesia\\pendaftaran-vaksin\\vendor\\laravel\\framework\\src\\Illuminate\\Container\\Container.php(694): Illuminate\\Foundation\\Application->resolve('Fruitcake\\\\Cors\\\\...', Array)
#16 R:\\Xampp\\htdocs\\SehaTI Sehat Untuk Indonesia\\pendaftaran-vaksin\\vendor\\laravel\\framework\\src\\Illuminate\\Foundation\\Application.php(826): Illuminate\\Container\\Container->make('Fruitcake\\\\Cors\\\\...', Array)
#17 R:\\Xampp\\htdocs\\SehaTI Sehat Untuk Indonesia\\pendaftaran-vaksin\\vendor\\fruitcake\\laravel-cors\\src\\CorsServiceProvider.php(42): Illuminate\\Foundation\\Application->make('Fruitcake\\\\Cors\\\\...')
#18 R:\\Xampp\\htdocs\\SehaTI Sehat Untuk Indonesia\\pendaftaran-vaksin\\vendor\\laravel\\framework\\src\\Illuminate\\Events\\Dispatcher.php(404): Fruitcake\\Cors\\CorsServiceProvider->Fruitcake\\Cors\\{closure}(Object(Illuminate\\Foundation\\Http\\Events\\RequestHandled))
#19 R:\\Xampp\\htdocs\\SehaTI Sehat Untuk Indonesia\\pendaftaran-vaksin\\vendor\\laravel\\framework\\src\\Illuminate\\Events\\Dispatcher.php(249): Illuminate\\Events\\Dispatcher->Illuminate\\Events\\{closure}('Illuminate\\\\Foun...', Array)
#20 R:\\Xampp\\htdocs\\SehaTI Sehat Untuk Indonesia\\pendaftaran-vaksin\\vendor\\laravel\\framework\\src\\Illuminate\\Foundation\\Http\\Kernel.php(118): Illuminate\\Events\\Dispatcher->dispatch('Illuminate\\\\Foun...')
#21 R:\\Xampp\\htdocs\\SehaTI Sehat Untuk Indonesia\\pendaftaran-vaksin\\public\\index.php(52): Illuminate\\Foundation\\Http\\Kernel->handle(Object(Illuminate\\Http\\Request))
#22 R:\\Xampp\\htdocs\\SehaTI Sehat Untuk Indonesia\\pendaftaran-vaksin\\server.php(21): require_once('R:\\\\Xampp\\\\htdocs...')
#23 {main}
"} 
[2021-10-06 07:26:06] production.ERROR: include(R:\Xampp\htdocs\SehaTI Sehat Untuk Indonesia\pendaftaran-vaksin\vendor\composer/../asm89/stack-cors/src/CorsService.php): failed to open stream: No such file or directory {"exception":"[object] (ErrorException(code: 0): include(R:\\Xampp\\htdocs\\SehaTI Sehat Untuk Indonesia\\pendaftaran-vaksin\\vendor\\composer/../asm89/stack-cors/src/CorsService.php): failed to open stream: No such file or directory at R:\\Xampp\\htdocs\\SehaTI Sehat Untuk Indonesia\\pendaftaran-vaksin\\vendor\\composer\\ClassLoader.php:571)
[stacktrace]
#0 R:\\Xampp\\htdocs\\SehaTI Sehat Untuk Indonesia\\pendaftaran-vaksin\\vendor\\composer\\ClassLoader.php(571): Illuminate\\Foundation\\Bootstrap\\HandleExceptions->handleError(2, 'include(R:\\\\Xamp...', 'R:\\\\Xampp\\\\htdocs...', 571, Array)
#1 R:\\Xampp\\htdocs\\SehaTI Sehat Untuk Indonesia\\pendaftaran-vaksin\\vendor\\composer\\ClassLoader.php(571): include()
#2 R:\\Xampp\\htdocs\\SehaTI Sehat Untuk Indonesia\\pendaftaran-vaksin\\vendor\\composer\\ClassLoader.php(428): Composer\\Autoload\\includeFile('R:\\\\Xampp\\\\htdocs...')
#3 [internal function]: Composer\\Autoload\\ClassLoader->loadClass('Asm89\\\\Stack\\\\Cor...')
#4 R:\\Xampp\\htdocs\\SehaTI Sehat Untuk Indonesia\\pendaftaran-vaksin\\vendor\\fruitcake\\laravel-cors\\src\\CorsServiceProvider.php(23): spl_autoload_call('Asm89\\\\Stack\\\\Cor...')
#5 R:\\Xampp\\htdocs\\SehaTI Sehat Untuk Indonesia\\pendaftaran-vaksin\\vendor\\laravel\\framework\\src\\Illuminate\\Container\\Container.php(873): Fruitcake\\Cors\\CorsServiceProvider->Fruitcake\\Cors\\{closure}(Object(Illuminate\\Foundation\\Application), Array)
#6 R:\\Xampp\\htdocs\\SehaTI Sehat Untuk Indonesia\\pendaftaran-vaksin\\vendor\\laravel\\framework\\src\\Illuminate\\Container\\Container.php(758): Illuminate\\Container\\Container->build(Object(Closure))
#7 R:\\Xampp\\htdocs\\SehaTI Sehat Untuk Indonesia\\pendaftaran-vaksin\\vendor\\laravel\\framework\\src\\Illuminate\\Foundation\\Application.php(841): Illuminate\\Container\\Container->resolve('Asm89\\\\Stack\\\\Cor...', Array, true)
#8 R:\\Xampp\\htdocs\\SehaTI Sehat Untuk Indonesia\\pendaftaran-vaksin\\vendor\\laravel\\framework\\src\\Illuminate\\Container\\Container.php(694): Illuminate\\Foundation\\Application->resolve('Asm89\\\\Stack\\\\Cor...', Array)
#9 R:\\Xampp\\htdocs\\SehaTI Sehat Untuk Indonesia\\pendaftaran-vaksin\\vendor\\laravel\\framework\\src\\Illuminate\\Foundation\\Application.php(826): Illuminate\\Container\\Container->make('Asm89\\\\Stack\\\\Cor...', Array)
#10 R:\\Xampp\\htdocs\\SehaTI Sehat Untuk Indonesia\\pendaftaran-vaksin\\vendor\\laravel\\framework\\src\\Illuminate\\Container\\Container.php(1031): Illuminate\\Foundation\\Application->make('Asm89\\\\Stack\\\\Cor...')
#11 R:\\Xampp\\htdocs\\SehaTI Sehat Untuk Indonesia\\pendaftaran-vaksin\\vendor\\laravel\\framework\\src\\Illuminate\\Container\\Container.php(951): Illuminate\\Container\\Container->resolveClass(Object(ReflectionParameter))
#12 R:\\Xampp\\htdocs\\SehaTI Sehat Untuk Indonesia\\pendaftaran-vaksin\\vendor\\laravel\\framework\\src\\Illuminate\\Container\\Container.php(912): Illuminate\\Container\\Container->resolveDependencies(Array)
#13 R:\\Xampp\\htdocs\\SehaTI Sehat Untuk Indonesia\\pendaftaran-vaksin\\vendor\\laravel\\framework\\src\\Illuminate\\Container\\Container.php(758): Illuminate\\Container\\Container->build('Fruitcake\\\\Cors\\\\...')
#14 R:\\Xampp\\htdocs\\SehaTI Sehat Untuk Indonesia\\pendaftaran-vaksin\\vendor\\laravel\\framework\\src\\Illuminate\\Foundation\\Application.php(841): Illuminate\\Container\\Container->resolve('Fruitcake\\\\Cors\\\\...', Array, true)
#15 R:\\Xampp\\htdocs\\SehaTI Sehat Untuk Indonesia\\pendaftaran-vaksin\\vendor\\laravel\\framework\\src\\Illuminate\\Container\\Container.php(694): Illuminate\\Foundation\\Application->resolve('Fruitcake\\\\Cors\\\\...', Array)
#16 R:\\Xampp\\htdocs\\SehaTI Sehat Untuk Indonesia\\pendaftaran-vaksin\\vendor\\laravel\\framework\\src\\Illuminate\\Foundation\\Application.php(826): Illuminate\\Container\\Container->make('Fruitcake\\\\Cors\\\\...', Array)
#17 R:\\Xampp\\htdocs\\SehaTI Sehat Untuk Indonesia\\pendaftaran-vaksin\\vendor\\laravel\\framework\\src\\Illuminate\\Pipeline\\Pipeline.php(156): Illuminate\\Foundation\\Application->make('Fruitcake\\\\Cors\\\\...')
#18 R:\\Xampp\\htdocs\\SehaTI Sehat Untuk Indonesia\\pendaftaran-vaksin\\vendor\\laravel\\framework\\src\\Illuminate\\Http\\Middleware\\TrustProxies.php(39): Illuminate\\Pipeline\\Pipeline->Illuminate\\Pipeline\\{closure}(Object(Illuminate\\Http\\Request))
#19 R:\\Xampp\\htdocs\\SehaTI Sehat Untuk Indonesia\\pendaftaran-vaksin\\vendor\\laravel\\framework\\src\\Illuminate\\Pipeline\\Pipeline.php(167): Illuminate\\Http\\Middleware\\TrustProxies->handle(Object(Illuminate\\Http\\Request), Object(Closure))
#20 R:\\Xampp\\htdocs\\SehaTI Sehat Untuk Indonesia\\pendaftaran-vaksin\\vendor\\laravel\\framework\\src\\Illuminate\\Pipeline\\Pipeline.php(103): Illuminate\\Pipeline\\Pipeline->Illuminate\\Pipeline\\{closure}(Object(Illuminate\\Http\\Request))
#21 R:\\Xampp\\htdocs\\SehaTI Sehat Untuk Indonesia\\pendaftaran-vaksin\\vendor\\laravel\\framework\\src\\Illuminate\\Foundation\\Http\\Kernel.php(141): Illuminate\\Pipeline\\Pipeline->then(Object(Closure))
#22 R:\\Xampp\\htdocs\\SehaTI Sehat Untuk Indonesia\\pendaftaran-vaksin\\vendor\\laravel\\framework\\src\\Illuminate\\Foundation\\Http\\Kernel.php(110): Illuminate\\Foundation\\Http\\Kernel->sendRequestThroughRouter(Object(Illuminate\\Http\\Request))
#23 R:\\Xampp\\htdocs\\SehaTI Sehat Untuk Indonesia\\pendaftaran-vaksin\\public\\index.php(52): Illuminate\\Foundation\\Http\\Kernel->handle(Object(Illuminate\\Http\\Request))
#24 R:\\Xampp\\htdocs\\SehaTI Sehat Untuk Indonesia\\pendaftaran-vaksin\\server.php(21): require_once('R:\\\\Xampp\\\\htdocs...')
#25 {main}
"} 
[2021-10-06 07:26:06] production.ERROR: include(R:\Xampp\htdocs\SehaTI Sehat Untuk Indonesia\pendaftaran-vaksin\vendor\composer/../asm89/stack-cors/src/CorsService.php): failed to open stream: No such file or directory {"exception":"[object] (ErrorException(code: 0): include(R:\\Xampp\\htdocs\\SehaTI Sehat Untuk Indonesia\\pendaftaran-vaksin\\vendor\\composer/../asm89/stack-cors/src/CorsService.php): failed to open stream: No such file or directory at R:\\Xampp\\htdocs\\SehaTI Sehat Untuk Indonesia\\pendaftaran-vaksin\\vendor\\composer\\ClassLoader.php:571)
[stacktrace]
#0 R:\\Xampp\\htdocs\\SehaTI Sehat Untuk Indonesia\\pendaftaran-vaksin\\vendor\\composer\\ClassLoader.php(571): Illuminate\\Foundation\\Bootstrap\\HandleExceptions->handleError(2, 'include(R:\\\\Xamp...', 'R:\\\\Xampp\\\\htdocs...', 571, Array)
#1 R:\\Xampp\\htdocs\\SehaTI Sehat Untuk Indonesia\\pendaftaran-vaksin\\vendor\\composer\\ClassLoader.php(571): include()
#2 R:\\Xampp\\htdocs\\SehaTI Sehat Untuk Indonesia\\pendaftaran-vaksin\\vendor\\composer\\ClassLoader.php(428): Composer\\Autoload\\includeFile('R:\\\\Xampp\\\\htdocs...')
#3 [internal function]: Composer\\Autoload\\ClassLoader->loadClass('Asm89\\\\Stack\\\\Cor...')
#4 R:\\Xampp\\htdocs\\SehaTI Sehat Untuk Indonesia\\pendaftaran-vaksin\\vendor\\fruitcake\\laravel-cors\\src\\CorsServiceProvider.php(23): spl_autoload_call('Asm89\\\\Stack\\\\Cor...')
#5 R:\\Xampp\\htdocs\\SehaTI Sehat Untuk Indonesia\\pendaftaran-vaksin\\vendor\\laravel\\framework\\src\\Illuminate\\Container\\Container.php(873): Fruitcake\\Cors\\CorsServiceProvider->Fruitcake\\Cors\\{closure}(Object(Illuminate\\Foundation\\Application), Array)
#6 R:\\Xampp\\htdocs\\SehaTI Sehat Untuk Indonesia\\pendaftaran-vaksin\\vendor\\laravel\\framework\\src\\Illuminate\\Container\\Container.php(758): Illuminate\\Container\\Container->build(Object(Closure))
#7 R:\\Xampp\\htdocs\\SehaTI Sehat Untuk Indonesia\\pendaftaran-vaksin\\vendor\\laravel\\framework\\src\\Illuminate\\Foundation\\Application.php(841): Illuminate\\Container\\Container->resolve('Asm89\\\\Stack\\\\Cor...', Array, true)
#8 R:\\Xampp\\htdocs\\SehaTI Sehat Untuk Indonesia\\pendaftaran-vaksin\\vendor\\laravel\\framework\\src\\Illuminate\\Container\\Container.php(694): Illuminate\\Foundation\\Application->resolve('Asm89\\\\Stack\\\\Cor...', Array)
#9 R:\\Xampp\\htdocs\\SehaTI Sehat Untuk Indonesia\\pendaftaran-vaksin\\vendor\\laravel\\framework\\src\\Illuminate\\Foundation\\Application.php(826): Illuminate\\Container\\Container->make('Asm89\\\\Stack\\\\Cor...', Array)
#10 R:\\Xampp\\htdocs\\SehaTI Sehat Untuk Indonesia\\pendaftaran-vaksin\\vendor\\laravel\\framework\\src\\Illuminate\\Container\\Container.php(1031): Illuminate\\Foundation\\Application->make('Asm89\\\\Stack\\\\Cor...')
#11 R:\\Xampp\\htdocs\\SehaTI Sehat Untuk Indonesia\\pendaftaran-vaksin\\vendor\\laravel\\framework\\src\\Illuminate\\Container\\Container.php(951): Illuminate\\Container\\Container->resolveClass(Object(ReflectionParameter))
#12 R:\\Xampp\\htdocs\\SehaTI Sehat Untuk Indonesia\\pendaftaran-vaksin\\vendor\\laravel\\framework\\src\\Illuminate\\Container\\Container.php(912): Illuminate\\Container\\Container->resolveDependencies(Array)
#13 R:\\Xampp\\htdocs\\SehaTI Sehat Untuk Indonesia\\pendaftaran-vaksin\\vendor\\laravel\\framework\\src\\Illuminate\\Container\\Container.php(758): Illuminate\\Container\\Container->build('Fruitcake\\\\Cors\\\\...')
#14 R:\\Xampp\\htdocs\\SehaTI Sehat Untuk Indonesia\\pendaftaran-vaksin\\vendor\\laravel\\framework\\src\\Illuminate\\Foundation\\Application.php(841): Illuminate\\Container\\Container->resolve('Fruitcake\\\\Cors\\\\...', Array, true)
#15 R:\\Xampp\\htdocs\\SehaTI Sehat Untuk Indonesia\\pendaftaran-vaksin\\vendor\\laravel\\framework\\src\\Illuminate\\Container\\Container.php(694): Illuminate\\Foundation\\Application->resolve('Fruitcake\\\\Cors\\\\...', Array)
#16 R:\\Xampp\\htdocs\\SehaTI Sehat Untuk Indonesia\\pendaftaran-vaksin\\vendor\\laravel\\framework\\src\\Illuminate\\Foundation\\Application.php(826): Illuminate\\Container\\Container->make('Fruitcake\\\\Cors\\\\...', Array)
#17 R:\\Xampp\\htdocs\\SehaTI Sehat Untuk Indonesia\\pendaftaran-vaksin\\vendor\\fruitcake\\laravel-cors\\src\\CorsServiceProvider.php(42): Illuminate\\Foundation\\Application->make('Fruitcake\\\\Cors\\\\...')
#18 R:\\Xampp\\htdocs\\SehaTI Sehat Untuk Indonesia\\pendaftaran-vaksin\\vendor\\laravel\\framework\\src\\Illuminate\\Events\\Dispatcher.php(404): Fruitcake\\Cors\\CorsServiceProvider->Fruitcake\\Cors\\{closure}(Object(Illuminate\\Foundation\\Http\\Events\\RequestHandled))
#19 R:\\Xampp\\htdocs\\SehaTI Sehat Untuk Indonesia\\pendaftaran-vaksin\\vendor\\laravel\\framework\\src\\Illuminate\\Events\\Dispatcher.php(249): Illuminate\\Events\\Dispatcher->Illuminate\\Events\\{closure}('Illuminate\\\\Foun...', Array)
#20 R:\\Xampp\\htdocs\\SehaTI Sehat Untuk Indonesia\\pendaftaran-vaksin\\vendor\\laravel\\framework\\src\\Illuminate\\Foundation\\Http\\Kernel.php(118): Illuminate\\Events\\Dispatcher->dispatch('Illuminate\\\\Foun...')
#21 R:\\Xampp\\htdocs\\SehaTI Sehat Untuk Indonesia\\pendaftaran-vaksin\\public\\index.php(52): Illuminate\\Foundation\\Http\\Kernel->handle(Object(Illuminate\\Http\\Request))
#22 R:\\Xampp\\htdocs\\SehaTI Sehat Untuk Indonesia\\pendaftaran-vaksin\\server.php(21): require_once('R:\\\\Xampp\\\\htdocs...')
#23 {main}
"} 
[2021-10-06 07:37:35] production.ERROR: include(R:\Xampp\htdocs\SehaTI Sehat Untuk Indonesia\pendaftaran-vaksin\vendor\composer/../asm89/stack-cors/src/CorsService.php): failed to open stream: No such file or directory {"exception":"[object] (ErrorException(code: 0): include(R:\\Xampp\\htdocs\\SehaTI Sehat Untuk Indonesia\\pendaftaran-vaksin\\vendor\\composer/../asm89/stack-cors/src/CorsService.php): failed to open stream: No such file or directory at R:\\Xampp\\htdocs\\SehaTI Sehat Untuk Indonesia\\pendaftaran-vaksin\\vendor\\composer\\ClassLoader.php:571)
[stacktrace]
#0 R:\\Xampp\\htdocs\\SehaTI Sehat Untuk Indonesia\\pendaftaran-vaksin\\vendor\\composer\\ClassLoader.php(571): Illuminate\\Foundation\\Bootstrap\\HandleExceptions->handleError(2, 'include(R:\\\\Xamp...', 'R:\\\\Xampp\\\\htdocs...', 571, Array)
#1 R:\\Xampp\\htdocs\\SehaTI Sehat Untuk Indonesia\\pendaftaran-vaksin\\vendor\\composer\\ClassLoader.php(571): include()
#2 R:\\Xampp\\htdocs\\SehaTI Sehat Untuk Indonesia\\pendaftaran-vaksin\\vendor\\composer\\ClassLoader.php(428): Composer\\Autoload\\includeFile('R:\\\\Xampp\\\\htdocs...')
#3 [internal function]: Composer\\Autoload\\ClassLoader->loadClass('Asm89\\\\Stack\\\\Cor...')
#4 R:\\Xampp\\htdocs\\SehaTI Sehat Untuk Indonesia\\pendaftaran-vaksin\\vendor\\fruitcake\\laravel-cors\\src\\CorsServiceProvider.php(23): spl_autoload_call('Asm89\\\\Stack\\\\Cor...')
#5 R:\\Xampp\\htdocs\\SehaTI Sehat Untuk Indonesia\\pendaftaran-vaksin\\vendor\\laravel\\framework\\src\\Illuminate\\Container\\Container.php(873): Fruitcake\\Cors\\CorsServiceProvider->Fruitcake\\Cors\\{closure}(Object(Illuminate\\Foundation\\Application), Array)
#6 R:\\Xampp\\htdocs\\SehaTI Sehat Untuk Indonesia\\pendaftaran-vaksin\\vendor\\laravel\\framework\\src\\Illuminate\\Container\\Container.php(758): Illuminate\\Container\\Container->build(Object(Closure))
#7 R:\\Xampp\\htdocs\\SehaTI Sehat Untuk Indonesia\\pendaftaran-vaksin\\vendor\\laravel\\framework\\src\\Illuminate\\Foundation\\Application.php(841): Illuminate\\Container\\Container->resolve('Asm89\\\\Stack\\\\Cor...', Array, true)
#8 R:\\Xampp\\htdocs\\SehaTI Sehat Untuk Indonesia\\pendaftaran-vaksin\\vendor\\laravel\\framework\\src\\Illuminate\\Container\\Container.php(694): Illuminate\\Foundation\\Application->resolve('Asm89\\\\Stack\\\\Cor...', Array)
#9 R:\\Xampp\\htdocs\\SehaTI Sehat Untuk Indonesia\\pendaftaran-vaksin\\vendor\\laravel\\framework\\src\\Illuminate\\Foundation\\Application.php(826): Illuminate\\Container\\Container->make('Asm89\\\\Stack\\\\Cor...', Array)
#10 R:\\Xampp\\htdocs\\SehaTI Sehat Untuk Indonesia\\pendaftaran-vaksin\\vendor\\laravel\\framework\\src\\Illuminate\\Container\\Container.php(1031): Illuminate\\Foundation\\Application->make('Asm89\\\\Stack\\\\Cor...')
#11 R:\\Xampp\\htdocs\\SehaTI Sehat Untuk Indonesia\\pendaftaran-vaksin\\vendor\\laravel\\framework\\src\\Illuminate\\Container\\Container.php(951): Illuminate\\Container\\Container->resolveClass(Object(ReflectionParameter))
#12 R:\\Xampp\\htdocs\\SehaTI Sehat Untuk Indonesia\\pendaftaran-vaksin\\vendor\\laravel\\framework\\src\\Illuminate\\Container\\Container.php(912): Illuminate\\Container\\Container->resolveDependencies(Array)
#13 R:\\Xampp\\htdocs\\SehaTI Sehat Untuk Indonesia\\pendaftaran-vaksin\\vendor\\laravel\\framework\\src\\Illuminate\\Container\\Container.php(758): Illuminate\\Container\\Container->build('Fruitcake\\\\Cors\\\\...')
#14 R:\\Xampp\\htdocs\\SehaTI Sehat Untuk Indonesia\\pendaftaran-vaksin\\vendor\\laravel\\framework\\src\\Illuminate\\Foundation\\Application.php(841): Illuminate\\Container\\Container->resolve('Fruitcake\\\\Cors\\\\...', Array, true)
#15 R:\\Xampp\\htdocs\\SehaTI Sehat Untuk Indonesia\\pendaftaran-vaksin\\vendor\\laravel\\framework\\src\\Illuminate\\Container\\Container.php(694): Illuminate\\Foundation\\Application->resolve('Fruitcake\\\\Cors\\\\...', Array)
#16 R:\\Xampp\\htdocs\\SehaTI Sehat Untuk Indonesia\\pendaftaran-vaksin\\vendor\\laravel\\framework\\src\\Illuminate\\Foundation\\Application.php(826): Illuminate\\Container\\Container->make('Fruitcake\\\\Cors\\\\...', Array)
#17 R:\\Xampp\\htdocs\\SehaTI Sehat Untuk Indonesia\\pendaftaran-vaksin\\vendor\\laravel\\framework\\src\\Illuminate\\Pipeline\\Pipeline.php(156): Illuminate\\Foundation\\Application->make('Fruitcake\\\\Cors\\\\...')
#18 R:\\Xampp\\htdocs\\SehaTI Sehat Untuk Indonesia\\pendaftaran-vaksin\\vendor\\laravel\\framework\\src\\Illuminate\\Http\\Middleware\\TrustProxies.php(39): Illuminate\\Pipeline\\Pipeline->Illuminate\\Pipeline\\{closure}(Object(Illuminate\\Http\\Request))
#19 R:\\Xampp\\htdocs\\SehaTI Sehat Untuk Indonesia\\pendaftaran-vaksin\\vendor\\laravel\\framework\\src\\Illuminate\\Pipeline\\Pipeline.php(167): Illuminate\\Http\\Middleware\\TrustProxies->handle(Object(Illuminate\\Http\\Request), Object(Closure))
#20 R:\\Xampp\\htdocs\\SehaTI Sehat Untuk Indonesia\\pendaftaran-vaksin\\vendor\\laravel\\framework\\src\\Illuminate\\Pipeline\\Pipeline.php(103): Illuminate\\Pipeline\\Pipeline->Illuminate\\Pipeline\\{closure}(Object(Illuminate\\Http\\Request))
#21 R:\\Xampp\\htdocs\\SehaTI Sehat Untuk Indonesia\\pendaftaran-vaksin\\vendor\\laravel\\framework\\src\\Illuminate\\Foundation\\Http\\Kernel.php(141): Illuminate\\Pipeline\\Pipeline->then(Object(Closure))
#22 R:\\Xampp\\htdocs\\SehaTI Sehat Untuk Indonesia\\pendaftaran-vaksin\\vendor\\laravel\\framework\\src\\Illuminate\\Foundation\\Http\\Kernel.php(110): Illuminate\\Foundation\\Http\\Kernel->sendRequestThroughRouter(Object(Illuminate\\Http\\Request))
#23 R:\\Xampp\\htdocs\\SehaTI Sehat Untuk Indonesia\\pendaftaran-vaksin\\public\\index.php(52): Illuminate\\Foundation\\Http\\Kernel->handle(Object(Illuminate\\Http\\Request))
#24 R:\\Xampp\\htdocs\\SehaTI Sehat Untuk Indonesia\\pendaftaran-vaksin\\server.php(21): require_once('R:\\\\Xampp\\\\htdocs...')
#25 {main}
"} 
[2021-10-06 07:37:35] production.ERROR: include(R:\Xampp\htdocs\SehaTI Sehat Untuk Indonesia\pendaftaran-vaksin\vendor\composer/../asm89/stack-cors/src/CorsService.php): failed to open stream: No such file or directory {"exception":"[object] (ErrorException(code: 0): include(R:\\Xampp\\htdocs\\SehaTI Sehat Untuk Indonesia\\pendaftaran-vaksin\\vendor\\composer/../asm89/stack-cors/src/CorsService.php): failed to open stream: No such file or directory at R:\\Xampp\\htdocs\\SehaTI Sehat Untuk Indonesia\\pendaftaran-vaksin\\vendor\\composer\\ClassLoader.php:571)
[stacktrace]
#0 R:\\Xampp\\htdocs\\SehaTI Sehat Untuk Indonesia\\pendaftaran-vaksin\\vendor\\composer\\ClassLoader.php(571): Illuminate\\Foundation\\Bootstrap\\HandleExceptions->handleError(2, 'include(R:\\\\Xamp...', 'R:\\\\Xampp\\\\htdocs...', 571, Array)
#1 R:\\Xampp\\htdocs\\SehaTI Sehat Untuk Indonesia\\pendaftaran-vaksin\\vendor\\composer\\ClassLoader.php(571): include()
#2 R:\\Xampp\\htdocs\\SehaTI Sehat Untuk Indonesia\\pendaftaran-vaksin\\vendor\\composer\\ClassLoader.php(428): Composer\\Autoload\\includeFile('R:\\\\Xampp\\\\htdocs...')
#3 [internal function]: Composer\\Autoload\\ClassLoader->loadClass('Asm89\\\\Stack\\\\Cor...')
#4 R:\\Xampp\\htdocs\\SehaTI Sehat Untuk Indonesia\\pendaftaran-vaksin\\vendor\\fruitcake\\laravel-cors\\src\\CorsServiceProvider.php(23): spl_autoload_call('Asm89\\\\Stack\\\\Cor...')
#5 R:\\Xampp\\htdocs\\SehaTI Sehat Untuk Indonesia\\pendaftaran-vaksin\\vendor\\laravel\\framework\\src\\Illuminate\\Container\\Container.php(873): Fruitcake\\Cors\\CorsServiceProvider->Fruitcake\\Cors\\{closure}(Object(Illuminate\\Foundation\\Application), Array)
#6 R:\\Xampp\\htdocs\\SehaTI Sehat Untuk Indonesia\\pendaftaran-vaksin\\vendor\\laravel\\framework\\src\\Illuminate\\Container\\Container.php(758): Illuminate\\Container\\Container->build(Object(Closure))
#7 R:\\Xampp\\htdocs\\SehaTI Sehat Untuk Indonesia\\pendaftaran-vaksin\\vendor\\laravel\\framework\\src\\Illuminate\\Foundation\\Application.php(841): Illuminate\\Container\\Container->resolve('Asm89\\\\Stack\\\\Cor...', Array, true)
#8 R:\\Xampp\\htdocs\\SehaTI Sehat Untuk Indonesia\\pendaftaran-vaksin\\vendor\\laravel\\framework\\src\\Illuminate\\Container\\Container.php(694): Illuminate\\Foundation\\Application->resolve('Asm89\\\\Stack\\\\Cor...', Array)
#9 R:\\Xampp\\htdocs\\SehaTI Sehat Untuk Indonesia\\pendaftaran-vaksin\\vendor\\laravel\\framework\\src\\Illuminate\\Foundation\\Application.php(826): Illuminate\\Container\\Container->make('Asm89\\\\Stack\\\\Cor...', Array)
#10 R:\\Xampp\\htdocs\\SehaTI Sehat Untuk Indonesia\\pendaftaran-vaksin\\vendor\\laravel\\framework\\src\\Illuminate\\Container\\Container.php(1031): Illuminate\\Foundation\\Application->make('Asm89\\\\Stack\\\\Cor...')
#11 R:\\Xampp\\htdocs\\SehaTI Sehat Untuk Indonesia\\pendaftaran-vaksin\\vendor\\laravel\\framework\\src\\Illuminate\\Container\\Container.php(951): Illuminate\\Container\\Container->resolveClass(Object(ReflectionParameter))
#12 R:\\Xampp\\htdocs\\SehaTI Sehat Untuk Indonesia\\pendaftaran-vaksin\\vendor\\laravel\\framework\\src\\Illuminate\\Container\\Container.php(912): Illuminate\\Container\\Container->resolveDependencies(Array)
#13 R:\\Xampp\\htdocs\\SehaTI Sehat Untuk Indonesia\\pendaftaran-vaksin\\vendor\\laravel\\framework\\src\\Illuminate\\Container\\Container.php(758): Illuminate\\Container\\Container->build('Fruitcake\\\\Cors\\\\...')
#14 R:\\Xampp\\htdocs\\SehaTI Sehat Untuk Indonesia\\pendaftaran-vaksin\\vendor\\laravel\\framework\\src\\Illuminate\\Foundation\\Application.php(841): Illuminate\\Container\\Container->resolve('Fruitcake\\\\Cors\\\\...', Array, true)
#15 R:\\Xampp\\htdocs\\SehaTI Sehat Untuk Indonesia\\pendaftaran-vaksin\\vendor\\laravel\\framework\\src\\Illuminate\\Container\\Container.php(694): Illuminate\\Foundation\\Application->resolve('Fruitcake\\\\Cors\\\\...', Array)
#16 R:\\Xampp\\htdocs\\SehaTI Sehat Untuk Indonesia\\pendaftaran-vaksin\\vendor\\laravel\\framework\\src\\Illuminate\\Foundation\\Application.php(826): Illuminate\\Container\\Container->make('Fruitcake\\\\Cors\\\\...', Array)
#17 R:\\Xampp\\htdocs\\SehaTI Sehat Untuk Indonesia\\pendaftaran-vaksin\\vendor\\fruitcake\\laravel-cors\\src\\CorsServiceProvider.php(42): Illuminate\\Foundation\\Application->make('Fruitcake\\\\Cors\\\\...')
#18 R:\\Xampp\\htdocs\\SehaTI Sehat Untuk Indonesia\\pendaftaran-vaksin\\vendor\\laravel\\framework\\src\\Illuminate\\Events\\Dispatcher.php(404): Fruitcake\\Cors\\CorsServiceProvider->Fruitcake\\Cors\\{closure}(Object(Illuminate\\Foundation\\Http\\Events\\RequestHandled))
#19 R:\\Xampp\\htdocs\\SehaTI Sehat Untuk Indonesia\\pendaftaran-vaksin\\vendor\\laravel\\framework\\src\\Illuminate\\Events\\Dispatcher.php(249): Illuminate\\Events\\Dispatcher->Illuminate\\Events\\{closure}('Illuminate\\\\Foun...', Array)
#20 R:\\Xampp\\htdocs\\SehaTI Sehat Untuk Indonesia\\pendaftaran-vaksin\\vendor\\laravel\\framework\\src\\Illuminate\\Foundation\\Http\\Kernel.php(118): Illuminate\\Events\\Dispatcher->dispatch('Illuminate\\\\Foun...')
#21 R:\\Xampp\\htdocs\\SehaTI Sehat Untuk Indonesia\\pendaftaran-vaksin\\public\\index.php(52): Illuminate\\Foundation\\Http\\Kernel->handle(Object(Illuminate\\Http\\Request))
#22 R:\\Xampp\\htdocs\\SehaTI Sehat Untuk Indonesia\\pendaftaran-vaksin\\server.php(21): require_once('R:\\\\Xampp\\\\htdocs...')
#23 {main}
"} 
